<?xml version="1.0" encoding="UTF-8"?>
<robot generator="Robot 7.3.2 (Python 3.13.5 on win32)" generated="2025-08-22T21:41:08.812451" rpa="false" schemaversion="5">
<suite id="s1" name="validarMenuseItensDaPagina" source="C:\repo Uninter\siteValecel\cenariosDeTestes\suites\validarMenuseItensDaPagina.robot">
<kw name="Open Browser" owner="SeleniumLibrary" type="SETUP">
<msg time="2025-08-22T21:41:09.256068" level="INFO">Opening browser 'edge' to base url 'https://sitevalecel.valecelinfo.com.br/index.html'.</msg>
<arg>https://sitevalecel.valecelinfo.com.br/index.html</arg>
<arg>edge</arg>
<arg>arguments=--headless --no-sandbox --disable-dev-shm-usage --disable-gpu --window-size=1920,1080</arg>
<doc>Opens a new browser instance to the optional ``url``.</doc>
<status status="PASS" start="2025-08-22T21:41:09.255788" elapsed="3.784709"/>
</kw>
<test id="s1-t1" name="Validar titulo destaque da semana" line="11">
<kw name="Sleep" owner="BuiltIn">
<msg time="2025-08-22T21:41:15.042434" level="INFO">Slept 2 seconds.</msg>
<arg>${DELAY}</arg>
<doc>Pauses the test executed for the given time.</doc>
<status status="PASS" start="2025-08-22T21:41:13.041589" elapsed="2.001016"/>
</kw>
<kw name="Wait Until Page Contains" owner="SeleniumLibrary">
<arg>Destaque da Semana</arg>
<doc>Waits until ``text`` appears on the current page.</doc>
<status status="PASS" start="2025-08-22T21:41:15.043064" elapsed="0.017088"/>
</kw>
<kw name="Page Should Contain" owner="SeleniumLibrary">
<msg time="2025-08-22T21:41:15.097207" level="INFO">Current page contains text 'Destaque da Semana'.</msg>
<arg>Destaque da Semana</arg>
<doc>Verifies that current page contains ``text``.</doc>
<status status="PASS" start="2025-08-22T21:41:15.060657" elapsed="0.036683"/>
</kw>
<status status="PASS" start="2025-08-22T21:41:13.040788" elapsed="2.056942"/>
</test>
<test id="s1-t2" name="Validar nome do produto" line="17">
<kw name="Sleep" owner="BuiltIn">
<msg time="2025-08-22T21:41:17.100528" level="INFO">Slept 2 seconds.</msg>
<arg>${DELAY}</arg>
<doc>Pauses the test executed for the given time.</doc>
<status status="PASS" start="2025-08-22T21:41:15.099870" elapsed="2.000857"/>
</kw>
<kw name="Wait Until Page Contains" owner="SeleniumLibrary">
<arg>Iphone 14</arg>
<doc>Waits until ``text`` appears on the current page.</doc>
<status status="PASS" start="2025-08-22T21:41:17.101414" elapsed="0.026054"/>
</kw>
<kw name="Page Should Contain" owner="SeleniumLibrary">
<msg time="2025-08-22T21:41:17.144541" level="INFO">Current page contains text 'Iphone 14'.</msg>
<arg>Iphone 14</arg>
<doc>Verifies that current page contains ``text``.</doc>
<status status="PASS" start="2025-08-22T21:41:17.128002" elapsed="0.016654"/>
</kw>
<status status="PASS" start="2025-08-22T21:41:15.098611" elapsed="2.046444"/>
</test>
<test id="s1-t3" name="Validar preco do produto" line="23">
<kw name="Sleep" owner="BuiltIn">
<msg time="2025-08-22T21:41:19.147411" level="INFO">Slept 2 seconds.</msg>
<arg>${DELAY}</arg>
<doc>Pauses the test executed for the given time.</doc>
<status status="PASS" start="2025-08-22T21:41:17.146335" elapsed="2.001553"/>
</kw>
<kw name="Wait Until Page Contains" owner="SeleniumLibrary">
<arg>R$ 4.300,00</arg>
<doc>Waits until ``text`` appears on the current page.</doc>
<status status="PASS" start="2025-08-22T21:41:19.149192" elapsed="0.039043"/>
</kw>
<kw name="Page Should Contain" owner="SeleniumLibrary">
<msg time="2025-08-22T21:41:19.201819" level="INFO">Current page contains text 'R$ 4.300,00'.</msg>
<arg>R$ 4.300,00</arg>
<doc>Verifies that current page contains ``text``.</doc>
<status status="PASS" start="2025-08-22T21:41:19.188732" elapsed="0.013182"/>
</kw>
<status status="PASS" start="2025-08-22T21:41:17.145845" elapsed="2.056384"/>
</test>
<test id="s1-t4" name="Validar botao Comprar" line="29">
<kw name="Sleep" owner="BuiltIn">
<msg time="2025-08-22T21:41:21.205804" level="INFO">Slept 2 seconds.</msg>
<arg>${DELAY}</arg>
<doc>Pauses the test executed for the given time.</doc>
<status status="PASS" start="2025-08-22T21:41:19.204819" elapsed="2.001145"/>
</kw>
<kw name="Execute Javascript" owner="SeleniumLibrary">
<msg time="2025-08-22T21:41:21.207230" level="INFO">Executing JavaScript:
window.scrollTo(0, document.body.scrollHeight)
Without any arguments.</msg>
<arg>window.scrollTo(0, document.body.scrollHeight)</arg>
<doc>Executes the given JavaScript code with possible arguments.</doc>
<status status="PASS" start="2025-08-22T21:41:21.206553" elapsed="0.009822"/>
</kw>
<kw name="Wait Until Element Is Visible" owner="SeleniumLibrary">
<arg>xpath=/html/body/div[4]/div/div[1]/div/button</arg>
<doc>Waits until the element ``locator`` is visible.</doc>
<status status="PASS" start="2025-08-22T21:41:21.216781" elapsed="0.030309"/>
</kw>
<kw name="Element Should Be Visible" owner="SeleniumLibrary">
<msg time="2025-08-22T21:41:21.273470" level="INFO">Element 'xpath=/html/body/div[4]/div/div[1]/div/button' is displayed.</msg>
<arg>xpath=/html/body/div[4]/div/div[1]/div/button</arg>
<doc>Verifies that the element identified by ``locator`` is visible.</doc>
<status status="PASS" start="2025-08-22T21:41:21.247575" elapsed="0.026049"/>
</kw>
<status status="PASS" start="2025-08-22T21:41:19.203739" elapsed="2.070344"/>
</test>
<test id="s1-t5" name="Validar imagem do produto" line="36">
<kw name="Sleep" owner="BuiltIn">
<msg time="2025-08-22T21:41:26.276597" level="INFO">Slept 5 seconds.</msg>
<arg>5s</arg>
<doc>Pauses the test executed for the given time.</doc>
<status status="PASS" start="2025-08-22T21:41:21.275474" elapsed="5.001579"/>
</kw>
<kw name="Execute Javascript" owner="SeleniumLibrary">
<msg time="2025-08-22T21:41:26.280058" level="INFO">Executing JavaScript:
window.scrollTo(0, document.body.scrollHeight)
Without any arguments.</msg>
<arg>window.scrollTo(0, document.body.scrollHeight)</arg>
<doc>Executes the given JavaScript code with possible arguments.</doc>
<status status="PASS" start="2025-08-22T21:41:26.278381" elapsed="0.012469"/>
</kw>
<kw name="Wait Until Element Is Visible" owner="SeleniumLibrary">
<arg>//img[contains(@src, 'imagem')]</arg>
<arg>10s</arg>
<doc>Waits until the element ``locator`` is visible.</doc>
<status status="PASS" start="2025-08-22T21:41:26.291283" elapsed="0.023723"/>
</kw>
<kw name="Element Should Be Visible" owner="SeleniumLibrary">
<msg time="2025-08-22T21:41:26.336886" level="INFO">Element '//img[contains(@src, 'imagem')]' is displayed.</msg>
<arg>//img[contains(@src, 'imagem')]</arg>
<doc>Verifies that the element identified by ``locator`` is visible.</doc>
<status status="PASS" start="2025-08-22T21:41:26.315569" elapsed="0.021409"/>
</kw>
<kw name="Capture Page Screenshot" owner="SeleniumLibrary">
<msg time="2025-08-22T21:41:26.442447" level="INFO" html="true">&lt;/td&gt;&lt;/tr&gt;&lt;tr&gt;&lt;td colspan="3"&gt;&lt;a href="selenium-screenshot-5.png"&gt;&lt;img src="selenium-screenshot-5.png" width="800px"&gt;&lt;/a&gt;</msg>
<doc>Takes a screenshot of the current page and embeds it into a log file.</doc>
<status status="PASS" start="2025-08-22T21:41:26.337416" elapsed="0.105147"/>
</kw>
<kw name="Log" owner="BuiltIn">
<msg time="2025-08-22T21:41:26.443166" level="INFO">Screenshot salvo: C:\repo Uninter\siteValecel/selenium-screenshot-1.png</msg>
<arg>Screenshot salvo: ${OUTPUT DIR}/selenium-screenshot-1.png</arg>
<doc>Logs the given message with the given level.</doc>
<status status="PASS" start="2025-08-22T21:41:26.442932" elapsed="0.000285"/>
</kw>
<status status="PASS" start="2025-08-22T21:41:21.274918" elapsed="5.168603"/>
</test>
<test id="s1-t6" name="Validar texto HostGator na segunda pagina" line="45">
<kw name="Go To" owner="SeleniumLibrary">
<msg time="2025-08-22T21:41:26.445045" level="INFO">Opening url 'https://www.hostgator.com.br/'</msg>
<arg>https://www.hostgator.com.br/</arg>
<doc>Navigates the current browser window to the provided ``url``.</doc>
<status status="PASS" start="2025-08-22T21:41:26.444907" elapsed="1.995236"/>
</kw>
<kw name="Sleep" owner="BuiltIn">
<msg time="2025-08-22T21:41:30.441466" level="INFO">Slept 2 seconds.</msg>
<arg>${DELAY}</arg>
<doc>Pauses the test executed for the given time.</doc>
<status status="PASS" start="2025-08-22T21:41:28.440566" elapsed="2.001309"/>
</kw>
<kw name="Wait Until Page Contains" owner="SeleniumLibrary">
<arg>HostGator</arg>
<doc>Waits until ``text`` appears on the current page.</doc>
<status status="PASS" start="2025-08-22T21:41:30.442486" elapsed="0.028462"/>
</kw>
<kw name="Page Should Contain" owner="SeleniumLibrary">
<msg time="2025-08-22T21:41:30.491056" level="INFO">Current page contains text 'HostGator'.</msg>
<arg>HostGator</arg>
<doc>Verifies that current page contains ``text``.</doc>
<status status="PASS" start="2025-08-22T21:41:30.471389" elapsed="0.019872"/>
</kw>
<status status="PASS" start="2025-08-22T21:41:26.444386" elapsed="4.047201"/>
</test>
<kw name="Close Browser" owner="SeleniumLibrary" type="TEARDOWN">
<doc>Closes the current browser.</doc>
<status status="PASS" start="2025-08-22T21:41:30.492992" elapsed="2.355103"/>
</kw>
<status status="PASS" start="2025-08-22T21:41:08.814236" elapsed="24.034408"/>
</suite>
<statistics>
<total>
<stat pass="6" fail="0" skip="0">All Tests</stat>
</total>
<tag>
</tag>
<suite>
<stat name="validarMenuseItensDaPagina" id="s1" pass="6" fail="0" skip="0">validarMenuseItensDaPagina</stat>
</suite>
</statistics>
<errors>
</errors>
</robot>
