<?xml version="1.0" encoding="UTF-8"?>
<robot generator="Robot 7.3.2 (Python 3.13.5 on win32)" generated="2025-08-28T20:23:12.792907" rpa="false" schemaversion="5">
<suite id="s1" name="Suites" source="C:\repo Uninter\siteValecel\cenariosDeTestes\suites">
<suite id="s1-s1" name="validarMenuseItensDaPagina" source="C:\repo Uninter\siteValecel\cenariosDeTestes\suites\validarMenuseItensDaPagina.robot">
<kw name="Open Browser" owner="SeleniumLibrary" type="SETUP">
<msg time="2025-08-28T20:23:13.596219" level="INFO">Opening browser 'chrome' to base url 'https://sitevalecel.valecelinfo.com.br/index.html'.</msg>
<arg>https://sitevalecel.valecelinfo.com.br/index.html</arg>
<arg>chrome</arg>
<arg>arguments=--headless --no-sandbox --disable-dev-shm-usage --disable-gpu --window-size=1920,1080</arg>
<doc>Opens a new browser instance to the optional ``url``.</doc>
<status status="PASS" start="2025-08-28T20:23:13.595740" elapsed="4.671277"/>
</kw>
<test id="s1-s1-t1" name="Validar titulo destaque da semana" line="11">
<kw name="Sleep" owner="BuiltIn">
<msg time="2025-08-28T20:23:20.269119" level="INFO">Slept 2 seconds.</msg>
<arg>${DELAY}</arg>
<doc>Pauses the test executed for the given time.</doc>
<status status="PASS" start="2025-08-28T20:23:18.268468" elapsed="2.000849"/>
</kw>
<kw name="Wait Until Page Contains" owner="SeleniumLibrary">
<arg>Destaque da Semana</arg>
<doc>Waits until ``text`` appears on the current page.</doc>
<status status="PASS" start="2025-08-28T20:23:20.269800" elapsed="0.050176"/>
</kw>
<kw name="Page Should Contain" owner="SeleniumLibrary">
<msg time="2025-08-28T20:23:20.375872" level="INFO">Current page contains text 'Destaque da Semana'.</msg>
<arg>Destaque da Semana</arg>
<doc>Verifies that current page contains ``text``.</doc>
<status status="PASS" start="2025-08-28T20:23:20.320731" elapsed="0.055345"/>
</kw>
<tag>regressivo</tag>
<status status="PASS" start="2025-08-28T20:23:18.267436" elapsed="2.110173"/>
</test>
<test id="s1-s1-t2" name="Validar nome do produto" line="18">
<kw name="Sleep" owner="BuiltIn">
<msg time="2025-08-28T20:23:22.381166" level="INFO">Slept 2 seconds.</msg>
<arg>${DELAY}</arg>
<doc>Pauses the test executed for the given time.</doc>
<status status="PASS" start="2025-08-28T20:23:20.379689" elapsed="2.001603"/>
</kw>
<kw name="Wait Until Page Contains" owner="SeleniumLibrary">
<arg>Iphone 14</arg>
<doc>Waits until ``text`` appears on the current page.</doc>
<status status="PASS" start="2025-08-28T20:23:22.381792" elapsed="0.015468"/>
</kw>
<kw name="Page Should Contain" owner="SeleniumLibrary">
<msg time="2025-08-28T20:23:22.413409" level="INFO">Current page contains text 'Iphone 14'.</msg>
<arg>Iphone 14</arg>
<doc>Verifies that current page contains ``text``.</doc>
<status status="PASS" start="2025-08-28T20:23:22.397668" elapsed="0.015842"/>
</kw>
<tag>regressivo</tag>
<status status="PASS" start="2025-08-28T20:23:20.378638" elapsed="2.035230"/>
</test>
<test id="s1-s1-t3" name="Validar preco do produto" line="25">
<kw name="Sleep" owner="BuiltIn">
<msg time="2025-08-28T20:23:24.415870" level="INFO">Slept 2 seconds.</msg>
<arg>${DELAY}</arg>
<doc>Pauses the test executed for the given time.</doc>
<status status="PASS" start="2025-08-28T20:23:22.415150" elapsed="2.000924"/>
</kw>
<kw name="Wait Until Page Contains" owner="SeleniumLibrary">
<arg>R$ 4.300,00</arg>
<doc>Waits until ``text`` appears on the current page.</doc>
<status status="PASS" start="2025-08-28T20:23:24.416729" elapsed="0.020842"/>
</kw>
<kw name="Page Should Contain" owner="SeleniumLibrary">
<msg time="2025-08-28T20:23:24.452803" level="INFO">Current page contains text 'R$ 4.300,00'.</msg>
<arg>R$ 4.300,00</arg>
<doc>Verifies that current page contains ``text``.</doc>
<status status="PASS" start="2025-08-28T20:23:24.438099" elapsed="0.014796"/>
</kw>
<tag>regressivo</tag>
<status status="PASS" start="2025-08-28T20:23:22.414709" elapsed="2.038554"/>
</test>
<test id="s1-s1-t4" name="Validar botao Comprar" line="32">
<kw name="Sleep" owner="BuiltIn">
<msg time="2025-08-28T20:23:26.456069" level="INFO">Slept 2 seconds.</msg>
<arg>${DELAY}</arg>
<doc>Pauses the test executed for the given time.</doc>
<status status="PASS" start="2025-08-28T20:23:24.454733" elapsed="2.001550"/>
</kw>
<kw name="Execute Javascript" owner="SeleniumLibrary">
<msg time="2025-08-28T20:23:26.457416" level="INFO">Executing JavaScript:
window.scrollTo(0, document.body.scrollHeight)
Without any arguments.</msg>
<arg>window.scrollTo(0, document.body.scrollHeight)</arg>
<doc>Executes the given JavaScript code with possible arguments.</doc>
<status status="PASS" start="2025-08-28T20:23:26.456844" elapsed="0.007946"/>
</kw>
<kw name="Wait Until Element Is Visible" owner="SeleniumLibrary">
<arg>xpath=/html/body/div[4]/div/div[1]/div/button</arg>
<doc>Waits until the element ``locator`` is visible.</doc>
<status status="PASS" start="2025-08-28T20:23:26.465220" elapsed="0.162500"/>
</kw>
<kw name="Element Should Be Visible" owner="SeleniumLibrary">
<msg time="2025-08-28T20:23:26.656359" level="INFO">Element 'xpath=/html/body/div[4]/div/div[1]/div/button' is displayed.</msg>
<arg>xpath=/html/body/div[4]/div/div[1]/div/button</arg>
<doc>Verifies that the element identified by ``locator`` is visible.</doc>
<status status="PASS" start="2025-08-28T20:23:26.629257" elapsed="0.027310"/>
</kw>
<tag>regressivo</tag>
<status status="PASS" start="2025-08-28T20:23:24.454206" elapsed="2.203732"/>
</test>
<test id="s1-s1-t5" name="Validar imagem do produto" line="40">
<kw name="Sleep" owner="BuiltIn">
<msg time="2025-08-28T20:23:31.663178" level="INFO">Slept 5 seconds.</msg>
<arg>5s</arg>
<doc>Pauses the test executed for the given time.</doc>
<status status="PASS" start="2025-08-28T20:23:26.662163" elapsed="5.001181"/>
</kw>
<kw name="Execute Javascript" owner="SeleniumLibrary">
<msg time="2025-08-28T20:23:31.664411" level="INFO">Executing JavaScript:
window.scrollTo(0, document.body.scrollHeight)
Without any arguments.</msg>
<arg>window.scrollTo(0, document.body.scrollHeight)</arg>
<doc>Executes the given JavaScript code with possible arguments.</doc>
<status status="PASS" start="2025-08-28T20:23:31.663922" elapsed="0.007518"/>
</kw>
<kw name="Wait Until Element Is Visible" owner="SeleniumLibrary">
<arg>//img[contains(@src, 'imagem')]</arg>
<arg>10s</arg>
<doc>Waits until the element ``locator`` is visible.</doc>
<status status="PASS" start="2025-08-28T20:23:31.671817" elapsed="0.025894"/>
</kw>
<kw name="Element Should Be Visible" owner="SeleniumLibrary">
<msg time="2025-08-28T20:23:31.720562" level="INFO">Element '//img[contains(@src, 'imagem')]' is displayed.</msg>
<arg>//img[contains(@src, 'imagem')]</arg>
<doc>Verifies that the element identified by ``locator`` is visible.</doc>
<status status="PASS" start="2025-08-28T20:23:31.698132" elapsed="0.022545"/>
</kw>
<kw name="Capture Page Screenshot" owner="SeleniumLibrary">
<msg time="2025-08-28T20:23:31.878258" level="INFO" html="true">&lt;/td&gt;&lt;/tr&gt;&lt;tr&gt;&lt;td colspan="3"&gt;&lt;a href="selenium-screenshot-9.png"&gt;&lt;img src="selenium-screenshot-9.png" width="800px"&gt;&lt;/a&gt;</msg>
<doc>Takes a screenshot of the current page and embeds it into a log file.</doc>
<status status="PASS" start="2025-08-28T20:23:31.721099" elapsed="0.157323"/>
</kw>
<kw name="Log" owner="BuiltIn">
<msg time="2025-08-28T20:23:31.879112" level="INFO">Screenshot salvo: C:\repo Uninter\siteValecel/selenium-screenshot-1.png</msg>
<arg>Screenshot salvo: ${OUTPUT DIR}/selenium-screenshot-1.png</arg>
<doc>Logs the given message with the given level.</doc>
<status status="PASS" start="2025-08-28T20:23:31.878849" elapsed="0.000334"/>
</kw>
<tag>regressivo</tag>
<status status="PASS" start="2025-08-28T20:23:26.660798" elapsed="5.218736"/>
</test>
<test id="s1-s1-t6" name="Validar texto HostGator na pagina carrinho" line="50">
<kw name="Go To" owner="SeleniumLibrary">
<msg time="2025-08-28T20:23:31.881349" level="INFO">Opening url 'https://sitevalecel.valecelinfo.com.br/carrinho.html'</msg>
<arg>https://sitevalecel.valecelinfo.com.br/carrinho.html</arg>
<doc>Navigates the current browser window to the provided ``url``.</doc>
<status status="PASS" start="2025-08-28T20:23:31.881195" elapsed="1.004289"/>
</kw>
<kw name="Sleep" owner="BuiltIn">
<msg time="2025-08-28T20:23:34.887189" level="INFO">Slept 2 seconds.</msg>
<arg>${DELAY}</arg>
<doc>Pauses the test executed for the given time.</doc>
<status status="PASS" start="2025-08-28T20:23:32.886313" elapsed="2.001097"/>
</kw>
<kw name="Wait Until Page Contains" owner="SeleniumLibrary">
<arg>HostGator</arg>
<doc>Waits until ``text`` appears on the current page.</doc>
<status status="PASS" start="2025-08-28T20:23:34.888129" elapsed="0.026411"/>
</kw>
<kw name="Page Should Contain" owner="SeleniumLibrary">
<msg time="2025-08-28T20:23:34.948359" level="INFO">Current page contains text 'HostGator'.</msg>
<arg>HostGator</arg>
<doc>Verifies that current page contains ``text``.</doc>
<status status="PASS" start="2025-08-28T20:23:34.915111" elapsed="0.033347"/>
</kw>
<tag>carrinho</tag>
<status status="PASS" start="2025-08-28T20:23:31.880595" elapsed="3.068261"/>
</test>
<test id="s1-s1-t7" name="Validar texto HostGator na pagina produtos" line="58">
<kw name="Go To" owner="SeleniumLibrary">
<msg time="2025-08-28T20:23:34.950259" level="INFO">Opening url 'https://sitevalecel.valecelinfo.com.br/produtos.html'</msg>
<arg>https://sitevalecel.valecelinfo.com.br/produtos.html</arg>
<doc>Navigates the current browser window to the provided ``url``.</doc>
<status status="PASS" start="2025-08-28T20:23:34.950097" elapsed="0.186629"/>
</kw>
<kw name="Sleep" owner="BuiltIn">
<msg time="2025-08-28T20:23:37.138021" level="INFO">Slept 2 seconds.</msg>
<arg>${DELAY}</arg>
<doc>Pauses the test executed for the given time.</doc>
<status status="PASS" start="2025-08-28T20:23:35.137270" elapsed="2.001048"/>
</kw>
<kw name="Wait Until Page Contains" owner="SeleniumLibrary">
<arg>HostGator</arg>
<doc>Waits until ``text`` appears on the current page.</doc>
<status status="PASS" start="2025-08-28T20:23:37.139035" elapsed="0.015802"/>
</kw>
<kw name="Page Should Contain" owner="SeleniumLibrary">
<msg time="2025-08-28T20:23:37.172401" level="INFO">Current page contains text 'HostGator'.</msg>
<arg>HostGator</arg>
<doc>Verifies that current page contains ``text``.</doc>
<status status="PASS" start="2025-08-28T20:23:37.155383" elapsed="0.017162"/>
</kw>
<tag>produtos</tag>
<status status="PASS" start="2025-08-28T20:23:34.949625" elapsed="2.223334"/>
</test>
<kw name="Close Browser" owner="SeleniumLibrary" type="TEARDOWN">
<doc>Closes the current browser.</doc>
<status status="PASS" start="2025-08-28T20:23:37.174360" elapsed="2.826208"/>
</kw>
<status status="PASS" start="2025-08-28T20:23:12.847447" elapsed="27.153279"/>
</suite>
<status status="PASS" start="2025-08-28T20:23:12.796447" elapsed="27.206434"/>
</suite>
<statistics>
<total>
<stat pass="7" fail="0" skip="0">All Tests</stat>
</total>
<tag>
<stat pass="1" fail="0" skip="0">carrinho</stat>
<stat pass="1" fail="0" skip="0">produtos</stat>
<stat pass="5" fail="0" skip="0">regressivo</stat>
</tag>
<suite>
<stat name="Suites" id="s1" pass="7" fail="0" skip="0">Suites</stat>
<stat name="validarMenuseItensDaPagina" id="s1-s1" pass="7" fail="0" skip="0">Suites.validarMenuseItensDaPagina</stat>
</suite>
</statistics>
<errors>
</errors>
</robot>
